<?xml version="1.0" encoding="UTF-8"?>
<!-- Generated by org.testng.reporters.JUnitReportReporter -->
<testsuite hostname="AJAY-Lenovo" failures="0" tests="10" name="com.demoblazestore.test.Home_TestPage" time="62.953" errors="0" timestamp="2024-08-30T17:59:47 CDT" skipped="0">
  <testcase classname="com.demoblazestore.test.Home_TestPage" name="testHomeclick" time="5.956"/>
  <testcase classname="com.demoblazestore.test.Home_TestPage" name="testContactclick" time="6.345"/>
  <testcase classname="com.demoblazestore.test.Home_TestPage" name="testAboutusclick" time="6.118"/>
  <testcase classname="com.demoblazestore.test.Home_TestPage" name="testCartclick" time="6.154"/>
  <testcase classname="com.demoblazestore.test.Home_TestPage" name="testLoginclick" time="6.316"/>
  <testcase classname="com.demoblazestore.test.Home_TestPage" name="testSignupclick" time="6.196"/>
  <testcase classname="com.demoblazestore.test.Home_TestPage" name="testphonesTabclick" time="6.118"/>
  <testcase classname="com.demoblazestore.test.Home_TestPage" name="testlaptopsTabclick" time="5.873"/>
  <testcase classname="com.demoblazestore.test.Home_TestPage" name="testmonitorsTabclick" time="7.583"/>
  <testcase classname="com.demoblazestore.test.Home_TestPage" name="testHomeLink" time="6.294"/>
</testsuite> <!-- com.demoblazestore.test.Home_TestPage -->
