<?xml version="1.0" encoding="UTF-8"?>
<!-- Generated by org.testng.reporters.JUnitReportReporter -->
<<<<<<< HEAD
<testsuite hostname="AJAY-Lenovo" failures="0" tests="2" name="com.demoblazestore.test.Login_TestPage" time="26.736" errors="0" timestamp="2024-08-14T17:18:19 CDT" skipped="0">
  <testcase classname="com.demoblazestore.test.Login_TestPage" name="testLoginclick" time="13.958"/>
  <testcase classname="com.demoblazestore.test.Login_TestPage" name="testLoginPageUserEntry" time="12.778"/>
=======
<testsuite hostname="DESKTOP-8JGKH7G" failures="0" tests="2" name="com.demoblazestore.test.Login_TestPage" time="46.017" errors="0" timestamp="2024-08-14T14:25:52 PDT" skipped="0">
  <testcase classname="com.demoblazestore.test.Login_TestPage" name="testLoginclick" time="24.857"/>
  <testcase classname="com.demoblazestore.test.Login_TestPage" name="testLoginPageUserEntry" time="21.160"/>
>>>>>>> branch 'main' of git@github.com:Sammy11223/com.qa.demoblazestore.git
</testsuite> <!-- com.demoblazestore.test.Login_TestPage -->
