<?xml version="1.0" encoding="UTF-8"?>
<!-- Generated by org.testng.reporters.JUnitReportReporter -->
<testsuite hostname="AJAY-Lenovo" failures="0" tests="2" name="com.demoblazestore.test.Signup_TestPage" time="17.843" errors="0" timestamp="2024-08-30T16:09:05 CDT" skipped="0">
  <testcase classname="com.demoblazestore.test.Signup_TestPage" name="testSignup_click" time="14.294"/>
  <testcase classname="com.demoblazestore.test.Signup_TestPage" name="testPopupTextVerification" time="3.549"/>
</testsuite> <!-- com.demoblazestore.test.Signup_TestPage -->
