<?xml version="1.0" encoding="UTF-8"?>
<!-- Generated by org.testng.reporters.JUnitReportReporter -->
<testsuite hostname="DESKTOP-8JGKH7G" failures="0" tests="2" name="com.demoblazestore.test.Aboutus_TestPage" time="33.245" errors="0" timestamp="2024-08-07T15:01:49 PDT" skipped="0">
  <testcase classname="com.demoblazestore.test.Aboutus_TestPage" name="testAboutusPopuptitle" time="10.950"/>
  <testcase classname="com.demoblazestore.test.Aboutus_TestPage" name="testClickAboutus" time="22.295"/>
</testsuite> <!-- com.demoblazestore.test.Aboutus_TestPage -->
