<?xml version="1.0" encoding="UTF-8"?>
<!-- Generated by org.testng.reporters.JUnitReportReporter -->
<testsuite hostname="AJAY-Lenovo" failures="0" tests="1" name="com.demoblazestore.test.Cart_TestPage" time="3.390" errors="0" timestamp="2024-08-30T17:59:47 CDT" skipped="0">
  <testcase classname="com.demoblazestore.test.Cart_TestPage" name="testclickCart" time="3.390"/>
</testsuite> <!-- com.demoblazestore.test.Cart_TestPage -->
