<?xml version="1.0" encoding="UTF-8"?>
<!-- Generated by org.testng.reporters.JUnitReportReporter -->
<testsuite hostname="AJAY-Lenovo" failures="0" tests="2" name="com.demoblazestore.test.Signup_TestPage" time="16.808" errors="0" timestamp="2024-08-30T17:59:47 CDT" skipped="0">
  <testcase classname="com.demoblazestore.test.Signup_TestPage" name="testSignup_click" time="13.681"/>
  <testcase classname="com.demoblazestore.test.Signup_TestPage" name="testPopupTextVerification" time="3.127"/>
</testsuite> <!-- com.demoblazestore.test.Signup_TestPage -->
