<?xml version="1.0" encoding="UTF-8"?>
<!-- Generated by org.testng.reporters.JUnitReportReporter -->
<testsuite hostname="Bose_ThinkPad" failures="0" tests="2" name="com.demoblazestore.test.Contact_TestPage" time="23.407" errors="0" timestamp="2024-08-28T15:44:01 PDT" skipped="0">
  <testcase classname="com.demoblazestore.test.Contact_TestPage" name="testSendMessage" time="12.471"/>
  <testcase classname="com.demoblazestore.test.Contact_TestPage" name="testCloseWithoutSendMessage" time="10.936"/>
</testsuite> <!-- com.demoblazestore.test.Contact_TestPage -->
