<?xml version="1.0" encoding="UTF-8"?>
<!-- Generated by org.testng.reporters.JUnitReportReporter -->
<testsuite hostname="AJAY-Lenovo" failures="0" tests="2" name="com.demoblazestore.test.Login_TestPage" time="17.337" errors="0" timestamp="2024-08-30T17:59:47 CDT" skipped="0">
  <testcase classname="com.demoblazestore.test.Login_TestPage" name="testLoginclick" time="3.572"/>
  <testcase classname="com.demoblazestore.test.Login_TestPage" name="testLoginPageUserEntry" time="13.765"/>
</testsuite> <!-- com.demoblazestore.test.Login_TestPage -->
