<?xml version="1.0" encoding="UTF-8"?>
<!-- Generated by org.testng.reporters.JUnitReportReporter -->
<testsuite hostname="Bose_ThinkPad" failures="0" tests="10" name="com.demoblazestore.test.Home_TestPage" time="68.233" errors="0" timestamp="2024-08-28T15:48:49 PDT" skipped="0">
  <testcase classname="com.demoblazestore.test.Home_TestPage" name="testHomeclick" time="6.822"/>
  <testcase classname="com.demoblazestore.test.Home_TestPage" name="testContactclick" time="6.004"/>
  <testcase classname="com.demoblazestore.test.Home_TestPage" name="testAboutusclick" time="7.187"/>
  <testcase classname="com.demoblazestore.test.Home_TestPage" name="testCartclick" time="6.665"/>
  <testcase classname="com.demoblazestore.test.Home_TestPage" name="testLoginclick" time="8.185"/>
  <testcase classname="com.demoblazestore.test.Home_TestPage" name="testSignupclick" time="6.724"/>
  <testcase classname="com.demoblazestore.test.Home_TestPage" name="testphonesTabclick" time="6.483"/>
  <testcase classname="com.demoblazestore.test.Home_TestPage" name="testlaptopsTabclick" time="6.492"/>
  <testcase classname="com.demoblazestore.test.Home_TestPage" name="testmonitorsTabclick" time="6.575"/>
  <testcase classname="com.demoblazestore.test.Home_TestPage" name="testHomeLink" time="7.096"/>
</testsuite> <!-- com.demoblazestore.test.Home_TestPage -->
