<?xml version="1.0" encoding="UTF-8"?>
<!-- Generated by org.testng.reporters.JUnitReportReporter -->
<testsuite hostname="DESKTOP-8JGKH7G" failures="0" tests="1" name="com.demoblazestore.test.Aboutus_TestPage" time="16.543" errors="0" timestamp="2024-08-05T15:31:27 PDT" skipped="0">
  <testcase classname="com.demoblazestore.test.Aboutus_TestPage" name="testAboutus" time="16.543"/>
</testsuite> <!-- com.demoblazestore.test.Aboutus_TestPage -->
