<?xml version="1.0" encoding="UTF-8"?>
<!-- Generated by org.testng.reporters.JUnitReportReporter -->
<testsuite hostname="Bose_ThinkPad" failures="0" tests="10" name="com.demoblazestore.test.Home_TestPage" time="69.777" errors="0" timestamp="2024-08-23T09:47:07 PDT" skipped="0">
  <testcase classname="com.demoblazestore.test.Home_TestPage" name="testHomeclick" time="6.546"/>
  <testcase classname="com.demoblazestore.test.Home_TestPage" name="testContactclick" time="6.639"/>
  <testcase classname="com.demoblazestore.test.Home_TestPage" name="testAboutusclick" time="7.287"/>
  <testcase classname="com.demoblazestore.test.Home_TestPage" name="testCartclick" time="6.820"/>
  <testcase classname="com.demoblazestore.test.Home_TestPage" name="testLoginclick" time="6.699"/>
  <testcase classname="com.demoblazestore.test.Home_TestPage" name="testSignupclick" time="6.653"/>
  <testcase classname="com.demoblazestore.test.Home_TestPage" name="testphonesTabclick" time="6.496"/>
  <testcase classname="com.demoblazestore.test.Home_TestPage" name="testlaptopsTabclick" time="6.669"/>
  <testcase classname="com.demoblazestore.test.Home_TestPage" name="testmonitorsTabclick" time="9.031"/>
  <testcase classname="com.demoblazestore.test.Home_TestPage" name="testHomeLink" time="6.937"/>
</testsuite> <!-- com.demoblazestore.test.Home_TestPage -->
