<?xml version="1.0" encoding="UTF-8"?>
<!-- Generated by org.testng.reporters.JUnitReportReporter -->
<testsuite hostname="DESKTOP-8JGKH7G" failures="0" tests="3" name="com.demoblazestore.test.ProductStore_TestPage" time="67.105" errors="0" timestamp="2024-08-14T15:54:47 PDT" skipped="0">
  <testcase classname="com.demoblazestore.test.ProductStore_TestPage" name="accessthelogin_link" time="16.796"/>
  <testcase classname="com.demoblazestore.test.ProductStore_TestPage" name="testClick_product_storelink" time="15.191"/>
  <testcase classname="com.demoblazestore.test.ProductStore_TestPage" name="testSamsung_6_productpage_Addtocart" time="35.118"/>
</testsuite> <!-- com.demoblazestore.test.ProductStore_TestPage -->
