<?xml version="1.0" encoding="UTF-8"?>
<!-- Generated by org.testng.reporters.JUnitReportReporter -->
<testsuite hostname="Bose_ThinkPad" failures="0" tests="10" name="com.demoblazestore.test.Home_TestPage" time="76.622" errors="0" timestamp="2024-08-26T13:19:10 PDT" skipped="0">
  <testcase classname="com.demoblazestore.test.Home_TestPage" name="testHomeclick" time="5.323"/>
  <testcase classname="com.demoblazestore.test.Home_TestPage" name="testContactclick" time="5.347"/>
  <testcase classname="com.demoblazestore.test.Home_TestPage" name="testAboutusclick" time="6.933"/>
  <testcase classname="com.demoblazestore.test.Home_TestPage" name="testCartclick" time="5.848"/>
  <testcase classname="com.demoblazestore.test.Home_TestPage" name="testLoginclick" time="8.448"/>
  <testcase classname="com.demoblazestore.test.Home_TestPage" name="testSignupclick" time="8.706"/>
  <testcase classname="com.demoblazestore.test.Home_TestPage" name="testphonesTabclick" time="6.215"/>
  <testcase classname="com.demoblazestore.test.Home_TestPage" name="testlaptopsTabclick" time="7.841"/>
  <testcase classname="com.demoblazestore.test.Home_TestPage" name="testmonitorsTabclick" time="15.313"/>
  <testcase classname="com.demoblazestore.test.Home_TestPage" name="testHomeLink" time="6.648"/>
</testsuite> <!-- com.demoblazestore.test.Home_TestPage -->
