<?xml version="1.0" encoding="UTF-8"?>
<!-- Generated by org.testng.reporters.JUnitReportReporter -->
<testsuite hostname="DESKTOP-8JGKH7G" failures="0" tests="3" name="com.demoblazestore.test.Aboutus_TestPage" time="35.683" errors="0" timestamp="2024-08-08T14:26:06 PDT" skipped="0">
  <testcase classname="com.demoblazestore.test.Aboutus_TestPage" name="testClickAboutus" time="14.569"/>
  <testcase classname="com.demoblazestore.test.Aboutus_TestPage" name="testPlaybuttondisplay" time="10.253"/>
  <testcase classname="com.demoblazestore.test.Aboutus_TestPage" name="testAboutUsPopupTextTitle" time="10.861"/>
</testsuite> <!-- com.demoblazestore.test.Aboutus_TestPage -->
