<?xml version="1.0" encoding="UTF-8"?>
<!-- Generated by org.testng.reporters.JUnitReportReporter -->
<testsuite hostname="AJAY-Lenovo" failures="0" tests="1" name="com.demoblazestore.test.Signup_TestPage" time="16.844" errors="0" timestamp="2024-08-12T17:12:25 CDT" skipped="0">
  <testcase classname="com.demoblazestore.test.Signup_TestPage" name="testSignup_click" time="16.844"/>
</testsuite> <!-- com.demoblazestore.test.Signup_TestPage -->
