<?xml version="1.0" encoding="UTF-8"?>
<!-- Generated by org.testng.reporters.JUnitReportReporter -->
<testsuite hostname="AJAY-Lenovo" failures="0" tests="2" name="com.demoblazestore.test.Contact_TestPage" time="21.032" errors="0" timestamp="2024-08-30T17:59:47 CDT" skipped="0">
  <testcase classname="com.demoblazestore.test.Contact_TestPage" name="testSendMessage" time="9.964"/>
  <testcase classname="com.demoblazestore.test.Contact_TestPage" name="testCloseWithoutSendMessage" time="11.068"/>
</testsuite> <!-- com.demoblazestore.test.Contact_TestPage -->
