<?xml version="1.0" encoding="UTF-8"?>
<!-- Generated by org.testng.reporters.JUnitReportReporter -->
<testsuite hostname="DESKTOP-8JGKH7G" failures="0" tests="2" name="com.demoblazestore.test.Login_TestPage" time="46.017" errors="0" timestamp="2024-08-14T14:25:52 PDT" skipped="0">
  <testcase classname="com.demoblazestore.test.Login_TestPage" name="testLoginclick" time="24.857"/>
  <testcase classname="com.demoblazestore.test.Login_TestPage" name="testLoginPageUserEntry" time="21.160"/>
</testsuite> <!-- com.demoblazestore.test.Login_TestPage -->
