<?xml version="1.0" encoding="UTF-8"?>
<!-- Generated by org.testng.reporters.JUnitReportReporter -->
<testsuite hostname="Bose_ThinkPad" failures="0" tests="2" name="com.demoblazestore.test.Contact_TestPage" time="16.417" errors="0" timestamp="2024-08-26T15:55:50 PDT" skipped="0">
  <testcase classname="com.demoblazestore.test.Contact_TestPage" name="testSendMessage" time="9.548"/>
  <testcase classname="com.demoblazestore.test.Contact_TestPage" name="testCloseWithoutSendMessage" time="6.869"/>
</testsuite> <!-- com.demoblazestore.test.Contact_TestPage -->
