<?xml version="1.0" encoding="UTF-8"?>
<!-- Generated by org.testng.reporters.JUnitReportReporter -->
<testsuite hostname="AJAY-Lenovo" failures="0" tests="1" name="com.demoblazestore.test.Login_TestPage" time="18.872" errors="0" timestamp="2024-08-12T17:11:35 CDT" skipped="0">
  <testcase classname="com.demoblazestore.test.Login_TestPage" name="testLoginclick" time="18.872"/>
</testsuite> <!-- com.demoblazestore.test.Login_TestPage -->
