<?xml version="1.0" encoding="UTF-8"?>
<!-- Generated by org.testng.reporters.JUnitReportReporter -->
<testsuite hostname="DESKTOP-8JGKH7G" failures="0" tests="3" name="com.demoblazestore.test.ProductStore_TestPage" time="85.678" errors="0" timestamp="2024-08-12T11:19:57 PDT" skipped="0">
  <testcase classname="com.demoblazestore.test.ProductStore_TestPage" name="testClickProduct_store_link" time="23.864"/>
  <testcase classname="com.demoblazestore.test.ProductStore_TestPage" name="testClickSamsunggalaxy6" time="37.807"/>
  <testcase classname="com.demoblazestore.test.ProductStore_TestPage" name="testSamsung_6_productpage_Addtocart" time="24.007"/>
</testsuite> <!-- com.demoblazestore.test.ProductStore_TestPage -->
