<?xml version="1.0" encoding="UTF-8"?>
<!-- Generated by org.testng.reporters.JUnitReportReporter -->
<testsuite hostname="AJAY-Lenovo" failures="0" tests="2" name="com.demoblazestore.test.Signup_TestPage" time="15.599" errors="0" timestamp="2024-08-14T17:46:33 CDT" skipped="0">
  <testcase classname="com.demoblazestore.test.Signup_TestPage" name="testSignup_click" time="12.896"/>
  <testcase classname="com.demoblazestore.test.Signup_TestPage" name="testPopupTextVerification" time="2.703"/>
</testsuite> <!-- com.demoblazestore.test.Signup_TestPage -->
