<?xml version="1.0" encoding="UTF-8"?>
<!-- Generated by org.testng.reporters.JUnitReportReporter -->
<testsuite hostname="DESKTOP-8JGKH7G" failures="0" tests="1" name="com.demoblazestore.test.Aboutus_TestPage" time="32.546" errors="0" timestamp="2024-08-12T11:19:57 PDT" skipped="0">
  <testcase classname="com.demoblazestore.test.Aboutus_TestPage" name="testClickAboutus" time="32.546"/>
</testsuite> <!-- com.demoblazestore.test.Aboutus_TestPage -->
