<?xml version="1.0" encoding="UTF-8"?>
<!-- Generated by org.testng.reporters.JUnitReportReporter -->
<testsuite hostname="AJAY-Lenovo" failures="0" tests="1" name="com.demoblazestore.test.Login_TestPage" time="3.954" errors="0" timestamp="2024-08-30T15:57:07 CDT" skipped="0">
  <testcase classname="com.demoblazestore.test.Login_TestPage" name="testLoginclick" time="3.954"/>
</testsuite> <!-- com.demoblazestore.test.Login_TestPage -->
