<?xml version="1.0" encoding="UTF-8"?>
<!-- Generated by org.testng.reporters.JUnitReportReporter -->
<testsuite hostname="DESKTOP-8JGKH7G" failures="0" tests="1" name="com.demoblazestore.test.Cart_TestPage" time="15.748" errors="0" timestamp="2024-08-08T14:26:56 PDT" skipped="0">
  <testcase classname="com.demoblazestore.test.Cart_TestPage" name="testclickCart" time="15.748"/>
</testsuite> <!-- com.demoblazestore.test.Cart_TestPage -->
